Determining if the pthread_create exist failed with the following output:
Change Dir: /home/nada/AUC-Robotics-Summer-Camp/Day3/catkin_ws/build/CMakeFiles/CMakeTmp

Run Build Command:"/usr/bin/make" "cmTC_3d3ba/fast"
/usr/bin/make -f CMakeFiles/cmTC_3d3ba.dir/build.make CMakeFiles/cmTC_3d3ba.dir/build
make[1]: Entering directory '/home/nada/AUC-Robotics-Summer-Camp/Day3/catkin_ws/build/CMakeFiles/CMakeTmp'
Building C object CMakeFiles/cmTC_3d3ba.dir/CheckSymbolExists.c.o
/usr/bin/cc    -o CMakeFiles/cmTC_3d3ba.dir/CheckSymbolExists.c.o   -c /home/nada/AUC-Robotics-Summer-Camp/Day3/catkin_ws/build/CMakeFiles/CMakeTmp/CheckSymbolExists.c
Linking C executable cmTC_3d3ba
/usr/bin/cmake -E cmake_link_script CMakeFiles/cmTC_3d3ba.dir/link.txt --verbose=1
/usr/bin/cc      -rdynamic CMakeFiles/cmTC_3d3ba.dir/CheckSymbolExists.c.o  -o cmTC_3d3ba 
CMakeFiles/cmTC_3d3ba.dir/CheckSymbolExists.c.o: In function `main':
CheckSymbolExists.c:(.text+0x1b): undefined reference to `pthread_create'
collect2: error: ld returned 1 exit status
CMakeFiles/cmTC_3d3ba.dir/build.make:97: recipe for target 'cmTC_3d3ba' failed
make[1]: *** [cmTC_3d3ba] Error 1
make[1]: Leaving directory '/home/nada/AUC-Robotics-Summer-Camp/Day3/catkin_ws/build/CMakeFiles/CMakeTmp'
Makefile:126: recipe for target 'cmTC_3d3ba/fast' failed
make: *** [cmTC_3d3ba/fast] Error 2

File /home/nada/AUC-Robotics-Summer-Camp/Day3/catkin_ws/build/CMakeFiles/CMakeTmp/CheckSymbolExists.c:
/* */
#include <pthread.h>

int main(int argc, char** argv)
{
  (void)argv;
#ifndef pthread_create
  return ((int*)(&pthread_create))[argc];
#else
  (void)argc;
  return 0;
#endif
}

Determining if the function pthread_create exists in the pthreads failed with the following output:
Change Dir: /home/nada/AUC-Robotics-Summer-Camp/Day3/catkin_ws/build/CMakeFiles/CMakeTmp

Run Build Command:"/usr/bin/make" "cmTC_b03fe/fast"
/usr/bin/make -f CMakeFiles/cmTC_b03fe.dir/build.make CMakeFiles/cmTC_b03fe.dir/build
make[1]: Entering directory '/home/nada/AUC-Robotics-Summer-Camp/Day3/catkin_ws/build/CMakeFiles/CMakeTmp'
Building C object CMakeFiles/cmTC_b03fe.dir/CheckFunctionExists.c.o
/usr/bin/cc   -DCHECK_FUNCTION_EXISTS=pthread_create   -o CMakeFiles/cmTC_b03fe.dir/CheckFunctionExists.c.o   -c /usr/share/cmake-3.10/Modules/CheckFunctionExists.c
Linking C executable cmTC_b03fe
/usr/bin/cmake -E cmake_link_script CMakeFiles/cmTC_b03fe.dir/link.txt --verbose=1
/usr/bin/cc  -DCHECK_FUNCTION_EXISTS=pthread_create    -rdynamic CMakeFiles/cmTC_b03fe.dir/CheckFunctionExists.c.o  -o cmTC_b03fe -lpthreads 
/usr/bin/ld: cannot find -lpthreads
collect2: error: ld returned 1 exit status
CMakeFiles/cmTC_b03fe.dir/build.make:97: recipe for target 'cmTC_b03fe' failed
make[1]: *** [cmTC_b03fe] Error 1
make[1]: Leaving directory '/home/nada/AUC-Robotics-Summer-Camp/Day3/catkin_ws/build/CMakeFiles/CMakeTmp'
Makefile:126: recipe for target 'cmTC_b03fe/fast' failed
make: *** [cmTC_b03fe/fast] Error 2


